Content-Type: text/plain; charset="utf-8"
MIME-Version: 1.0
Content-Transfer-Encoding: 8bit
Subject: Password reset on 127.0.0.1:8000
From: webmaster@localhost
To: Dpkumar@gmail.com
Date: Thu, 14 May 2020 05:34:23 -0000
Message-ID: 
 <158943446324.53727.15299894264339600970@72.43.168.192.in-addr.arpa>


You're receiving this email because you requested a password reset for your user account at 127.0.0.1:8000.

Please go to the following page and choose a new password:

http://127.0.0.1:8000/accounts/reset/MjA/5gh-0a11ce7d7cb0130b883f/

Your username, in case you’ve forgotten: deepak72

Thanks for using our site!

The 127.0.0.1:8000 team



-------------------------------------------------------------------------------
Content-Type: text/plain; charset="utf-8"
MIME-Version: 1.0
Content-Transfer-Encoding: 8bit
Subject: Password reset on 127.0.0.1:8000
From: webmaster@localhost
To: Dpkumar@gmail.com
Date: Thu, 14 May 2020 05:34:23 -0000
Message-ID: 
 <158943446338.53727.3180161971946252501@72.43.168.192.in-addr.arpa>


You're receiving this email because you requested a password reset for your user account at 127.0.0.1:8000.

Please go to the following page and choose a new password:

http://127.0.0.1:8000/accounts/reset/MjY/5gh-b8bcb388884414976a8f/

Your username, in case you’ve forgotten: deepak

Thanks for using our site!

The 127.0.0.1:8000 team



-------------------------------------------------------------------------------
