Content-Type: text/plain; charset="utf-8"
MIME-Version: 1.0
Content-Transfer-Encoding: 8bit
Subject: Password reset on 127.0.0.1:8000
From: webmaster@localhost
To: Dpkumar@gmail.com
Date: Thu, 14 May 2020 05:36:02 -0000
Message-ID: 
 <158943456202.64675.2874101672981738997@72.43.168.192.in-addr.arpa>


You're receiving this email because you requested a password reset for your user account at 127.0.0.1:8000.

Please go to the following page and choose a new password:

http://127.0.0.1:8000/accounts/reset/MTc/5gh-003cdd0648077edecf6d/

Your username, in case you’ve forgotten: deepak61

Thanks for using our site!

The 127.0.0.1:8000 team



-------------------------------------------------------------------------------
Content-Type: text/plain; charset="utf-8"
MIME-Version: 1.0
Content-Transfer-Encoding: 8bit
Subject: Password reset on 127.0.0.1:8000
From: webmaster@localhost
To: Dpkumar@gmail.com
Date: Thu, 14 May 2020 05:36:02 -0000
Message-ID: 
 <158943456209.64675.10113695272686765055@72.43.168.192.in-addr.arpa>


You're receiving this email because you requested a password reset for your user account at 127.0.0.1:8000.

Please go to the following page and choose a new password:

http://127.0.0.1:8000/accounts/reset/MjE/5gh-c91495075c5f1f9e9fa6/

Your username, in case you’ve forgotten: deepak73

Thanks for using our site!

The 127.0.0.1:8000 team



-------------------------------------------------------------------------------
Content-Type: text/plain; charset="utf-8"
MIME-Version: 1.0
Content-Transfer-Encoding: 8bit
Subject: Password reset on 127.0.0.1:8000
From: webmaster@localhost
To: Dpkumar@gmail.com
Date: Thu, 14 May 2020 05:36:02 -0000
Message-ID: 
 <158943456217.64675.15351279298652997437@72.43.168.192.in-addr.arpa>


You're receiving this email because you requested a password reset for your user account at 127.0.0.1:8000.

Please go to the following page and choose a new password:

http://127.0.0.1:8000/accounts/reset/MjU/5gh-46afb54351bc55127c33/

Your username, in case you’ve forgotten: deepak80

Thanks for using our site!

The 127.0.0.1:8000 team



-------------------------------------------------------------------------------
