Content-Type: text/plain; charset="utf-8"
MIME-Version: 1.0
Content-Transfer-Encoding: 8bit
Subject: Password reset on 127.0.0.1:8000
From: webmaster@localhost
To: Dpkumar@gmail.com
Date: Thu, 14 May 2020 05:34:23 -0000
Message-ID: 
 <158943446308.53727.11192933844873364910@72.43.168.192.in-addr.arpa>


You're receiving this email because you requested a password reset for your user account at 127.0.0.1:8000.

Please go to the following page and choose a new password:

http://127.0.0.1:8000/accounts/reset/MTM/5gh-9722494c697724c202f8/

Your username, in case you’ve forgotten: deepak52

Thanks for using our site!

The 127.0.0.1:8000 team



-------------------------------------------------------------------------------
Content-Type: text/plain; charset="utf-8"
MIME-Version: 1.0
Content-Transfer-Encoding: 8bit
Subject: Password reset on 127.0.0.1:8000
From: webmaster@localhost
To: Dpkumar@gmail.com
Date: Thu, 14 May 2020 05:34:23 -0000
Message-ID: 
 <158943446336.53727.10221476360639380617@72.43.168.192.in-addr.arpa>


You're receiving this email because you requested a password reset for your user account at 127.0.0.1:8000.

Please go to the following page and choose a new password:

http://127.0.0.1:8000/accounts/reset/MjU/5gh-46afb54351bc55127c33/

Your username, in case you’ve forgotten: deepak80

Thanks for using our site!

The 127.0.0.1:8000 team



-------------------------------------------------------------------------------
