Content-Type: text/plain; charset="utf-8"
MIME-Version: 1.0
Content-Transfer-Encoding: 8bit
Subject: Password reset on 127.0.0.1:8000
From: webmaster@localhost
To: Dpkumar@gmail.com
Date: Thu, 14 May 2020 05:34:23 -0000
Message-ID: 
 <158943446312.53727.2897319433565336689@72.43.168.192.in-addr.arpa>


You're receiving this email because you requested a password reset for your user account at 127.0.0.1:8000.

Please go to the following page and choose a new password:

http://127.0.0.1:8000/accounts/reset/MTU/5gh-473da87445ea89b1e89b/

Your username, in case you’ve forgotten: deepak54

Thanks for using our site!

The 127.0.0.1:8000 team



-------------------------------------------------------------------------------
Content-Type: text/plain; charset="utf-8"
MIME-Version: 1.0
Content-Transfer-Encoding: 8bit
Subject: Password reset on 127.0.0.1:8000
From: webmaster@localhost
To: Dpkumar@gmail.com
Date: Thu, 14 May 2020 05:34:23 -0000
Message-ID: 
 <158943446314.53727.6496737468499351260@72.43.168.192.in-addr.arpa>


You're receiving this email because you requested a password reset for your user account at 127.0.0.1:8000.

Please go to the following page and choose a new password:

http://127.0.0.1:8000/accounts/reset/MTY/5gh-ad4dba9c8f3344b72e53/

Your username, in case you’ve forgotten: deepak55

Thanks for using our site!

The 127.0.0.1:8000 team



-------------------------------------------------------------------------------
Content-Type: text/plain; charset="utf-8"
MIME-Version: 1.0
Content-Transfer-Encoding: 8bit
Subject: Password reset on 127.0.0.1:8000
From: webmaster@localhost
To: Dpkumar@gmail.com
Date: Thu, 14 May 2020 05:34:23 -0000
Message-ID: 
 <158943446332.53727.9014832131152797528@72.43.168.192.in-addr.arpa>


You're receiving this email because you requested a password reset for your user account at 127.0.0.1:8000.

Please go to the following page and choose a new password:

http://127.0.0.1:8000/accounts/reset/MjM/5gh-cae977750acf7ceed570/

Your username, in case you’ve forgotten: deepak75

Thanks for using our site!

The 127.0.0.1:8000 team



-------------------------------------------------------------------------------
Content-Type: text/plain; charset="utf-8"
MIME-Version: 1.0
Content-Transfer-Encoding: 8bit
Subject: Password reset on 127.0.0.1:8000
From: webmaster@localhost
To: Dpkumar@gmail.com
Date: Thu, 14 May 2020 05:34:23 -0000
Message-ID: 
 <158943446334.53727.2909430889952828064@72.43.168.192.in-addr.arpa>


You're receiving this email because you requested a password reset for your user account at 127.0.0.1:8000.

Please go to the following page and choose a new password:

http://127.0.0.1:8000/accounts/reset/MjQ/5gh-ba0402b25157f76c5f98/

Your username, in case you’ve forgotten: 

Thanks for using our site!

The 127.0.0.1:8000 team



-------------------------------------------------------------------------------
