Content-Type: text/plain; charset="utf-8"
MIME-Version: 1.0
Content-Transfer-Encoding: 8bit
Subject: Password reset on 127.0.0.1:8000
From: webmaster@localhost
To: Dpkumar@gmail.com
Date: Thu, 14 May 2020 05:34:23 -0000
Message-ID: 
 <158943446304.53727.18348180327703555164@72.43.168.192.in-addr.arpa>


You're receiving this email because you requested a password reset for your user account at 127.0.0.1:8000.

Please go to the following page and choose a new password:

http://127.0.0.1:8000/accounts/reset/Nw/5gh-6fe39c873bd14a86accb/

Your username, in case you’ve forgotten: deepak1

Thanks for using our site!

The 127.0.0.1:8000 team



-------------------------------------------------------------------------------
Content-Type: text/plain; charset="utf-8"
MIME-Version: 1.0
Content-Transfer-Encoding: 8bit
Subject: Password reset on 127.0.0.1:8000
From: webmaster@localhost
To: Dpkumar@gmail.com
Date: Thu, 14 May 2020 05:34:23 -0000
Message-ID: 
 <158943446306.53727.6363490053786790492@72.43.168.192.in-addr.arpa>


You're receiving this email because you requested a password reset for your user account at 127.0.0.1:8000.

Please go to the following page and choose a new password:

http://127.0.0.1:8000/accounts/reset/MTE/5gh-9d481efba09e55ad2082/

Your username, in case you’ve forgotten: deepak21

Thanks for using our site!

The 127.0.0.1:8000 team



-------------------------------------------------------------------------------
Content-Type: text/plain; charset="utf-8"
MIME-Version: 1.0
Content-Transfer-Encoding: 8bit
Subject: Password reset on 127.0.0.1:8000
From: webmaster@localhost
To: Dpkumar@gmail.com
Date: Thu, 14 May 2020 05:34:23 -0000
Message-ID: 
 <158943446321.53727.17636227067711403808@72.43.168.192.in-addr.arpa>


You're receiving this email because you requested a password reset for your user account at 127.0.0.1:8000.

Please go to the following page and choose a new password:

http://127.0.0.1:8000/accounts/reset/MTk/5gh-96bd6ed54c6cc753cc78/

Your username, in case you’ve forgotten: deepak71

Thanks for using our site!

The 127.0.0.1:8000 team



-------------------------------------------------------------------------------
